<?xml version="1.0" encoding="UTF-8"?>
<!-- Generated by org.testng.reporters.JUnitReportReporter -->
<testsuite hostname="NX00511" failures="0" tests="8" name="POMTestClasses.PrimaryMarketSummaryTestClass" time="66.633" errors="0" timestamp="2020-10-27T22:38:38 PKT" skipped="0">
  <testcase classname="POMTestClasses.PrimaryMarketSummaryTestClass" name="validuserLogin" time="13.011"/>
  <system-out/>
  <testcase classname="POMTestClasses.PrimaryMarketSummaryTestClass" name="primaryMarketAppears" time="0.008"/>
  <system-out/>
  <testcase classname="POMTestClasses.PrimaryMarketSummaryTestClass" name="openprimaryMarket" time="0.048"/>
  <system-out/>
  <testcase classname="POMTestClasses.PrimaryMarketSummaryTestClass" name="primaryMarketFilters" time="0.636"/>
  <system-out/>
  <testcase classname="POMTestClasses.PrimaryMarketSummaryTestClass" name="primarymarketcompressedCSVDownload" time="12.775"/>
  <system-out/>
  <testcase classname="POMTestClasses.PrimaryMarketSummaryTestClass" name="primarymarketsimpleCSVDownload" time="12.692"/>
  <system-out/>
  <testcase classname="POMTestClasses.PrimaryMarketSummaryTestClass" name="primarymarketcompressedExcelDownload" time="13.789"/>
  <system-out/>
  <testcase classname="POMTestClasses.PrimaryMarketSummaryTestClass" name="primarymarketsimpleExcelDownload" time="13.674"/>
  <system-out/>
</testsuite> <!-- POMTestClasses.PrimaryMarketSummaryTestClass -->
