<?xml version="1.0" encoding="UTF-8"?>
<!-- Generated by org.testng.reporters.JUnitReportReporter -->
<testsuite hostname="NX00511" failures="0" tests="2" name="POMTestClasses.LoginTestClass" time="10.663" errors="0" timestamp="2020-11-19T21:01:31 PKT" skipped="0">
  <testcase classname="POMTestClasses.LoginTestClass" name="testLoginPageAppear" time="0.006"/>
  <system-out/>
  <testcase classname="POMTestClasses.LoginTestClass" name="execloginDigipan" time="10.657"/>
  <system-out/>
</testsuite> <!-- POMTestClasses.LoginTestClass -->
