<?xml version="1.0" encoding="UTF-8"?>
<!-- Generated by org.testng.reporters.JUnitReportReporter -->
<testsuite hostname="NX00511" failures="0" tests="2" name="POMTestClasses.RegisterUserTestClass" time="5.681" errors="0" timestamp="2020-11-19T19:40:42 PKT" skipped="0">
  <testcase classname="POMTestClasses.RegisterUserTestClass" name="openuserRegisteration" time="0.011"/>
  <system-out/>
  <testcase classname="POMTestClasses.RegisterUserTestClass" name="newUsersSignup" time="5.670"/>
  <system-out/>
</testsuite> <!-- POMTestClasses.RegisterUserTestClass -->
