<?xml version="1.0" encoding="UTF-8"?>
<!-- Generated by org.testng.reporters.JUnitReportReporter -->
<testsuite hostname="NX00511" failures="0" tests="6" name="POMTestClasses.PrimaryMarketResearchTest" time="68.832" errors="0" timestamp="2020-11-12T19:16:18 PKT" skipped="0">
  <testcase classname="POMTestClasses.PrimaryMarketResearchTest" name="validuserLogin" time="10.191"/>
  <system-out/>
  <testcase classname="POMTestClasses.PrimaryMarketResearchTest" name="primaryMarketAppears" time="0.007"/>
  <system-out/>
  <testcase classname="POMTestClasses.PrimaryMarketResearchTest" name="openprimarymarketresearchForm" time="11.968"/>
  <system-out/>
  <testcase classname="POMTestClasses.PrimaryMarketResearchTest" name="runsaveFilter" time="29.208"/>
  <system-out/>
  <testcase classname="POMTestClasses.PrimaryMarketResearchTest" name="runclearappliedFilter" time="7.302"/>
  <system-out/>
  <testcase classname="POMTestClasses.PrimaryMarketResearchTest" name="runcsavedFilter" time="10.156"/>
  <system-out/>
</testsuite> <!-- POMTestClasses.PrimaryMarketResearchTest -->
