<?xml version="1.0" encoding="UTF-8"?>
<!-- Generated by org.testng.reporters.JUnitReportReporter -->
<testsuite hostname="NX00511" failures="0" tests="2" name="POMTestClasses.PasswordResetTestClass" time="4.275" errors="0" timestamp="2020-11-19T21:01:31 PKT" skipped="0">
  <testcase classname="POMTestClasses.PasswordResetTestClass" name="resetPasswordPageAppear" time="0.020"/>
  <system-out/>
  <testcase classname="POMTestClasses.PasswordResetTestClass" name="execResetPasswordScenario" time="4.255"/>
  <system-out/>
</testsuite> <!-- POMTestClasses.PasswordResetTestClass -->
