<?xml version="1.0" encoding="UTF-8"?>
<!-- Generated by org.testng.reporters.JUnitReportReporter -->
<testsuite hostname="NX00511" failures="0" tests="2" name="POMTestClasses.RegisterUserTestClass" time="5.685" errors="0" timestamp="19 Nov 2020 16:29:16 GMT" skipped="0">
  <testcase classname="POMTestClasses.RegisterUserTestClass" name="openuserRegisteration" time="0.006"/>
  <testcase classname="POMTestClasses.RegisterUserTestClass" name="newUsersSignup" time="5.679"/>
</testsuite> <!-- POMTestClasses.RegisterUserTestClass -->
