<?xml version="1.0" encoding="UTF-8"?>
<!-- Generated by org.testng.reporters.JUnitReportReporter -->
<testsuite hostname="NX00511" failures="0" tests="2" name="POMTestClasses.LoginTestClass" time="13.100" errors="0" timestamp="20 Nov 2020 14:52:30 GMT" skipped="0">
  <testcase classname="POMTestClasses.LoginTestClass" name="testLoginPageAppear" time="0.006"/>
  <testcase classname="POMTestClasses.LoginTestClass" name="execloginDigipan" time="13.094"/>
</testsuite> <!-- POMTestClasses.LoginTestClass -->
