<?xml version="1.0" encoding="UTF-8"?>
<!-- Generated by org.testng.reporters.JUnitReportReporter -->
<testsuite hostname="NX00511" failures="0" tests="2" name="POMTestClasses.PasswordResetTestClass" time="4.246" errors="0" timestamp="19 Nov 2020 16:24:15 GMT" skipped="0">
  <testcase classname="POMTestClasses.PasswordResetTestClass" name="resetPasswordPageAppear" time="0.007"/>
  <testcase classname="POMTestClasses.PasswordResetTestClass" name="execResetPasswordScenario" time="4.239"/>
</testsuite> <!-- POMTestClasses.PasswordResetTestClass -->
